{"level":"info","message":"Database connected successfully","timestamp":"2022-10-28T07:47:42.221Z"}
{"level":"info","message":"Database sync successfully","timestamp":"2022-10-28T07:47:42.378Z"}
{"level":"info","message":"Database connected successfully","timestamp":"2022-10-28T08:36:17.381Z"}
{"level":"info","message":"Database sync successfully","timestamp":"2022-10-28T08:36:17.491Z"}
{"level":"info","message":"Database connected successfully","timestamp":"2022-10-28T11:28:55.505Z"}
{"level":"info","message":"Database sync successfully","timestamp":"2022-10-28T11:28:55.609Z"}
{"level":"info","message":"Database connected successfully","timestamp":"2022-10-28T11:29:43.237Z"}
{"level":"info","message":"Database sync successfully","timestamp":"2022-10-28T11:29:43.374Z"}
{"level":"error","message":"discountProductFlag: undefined","timestamp":"2022-10-28T11:30:40.504Z"}
{"level":"error","message":"discountData: false","timestamp":"2022-10-28T11:30:40.505Z"}
{"level":"error","message":"internal error Fri Oct 28 2022 11:30:40 GMT+0000 (Coordinated Universal Time) SequelizeDatabaseError: Unknown column 'undefined' in 'where clause'","timestamp":"2022-10-28T11:30:40.781Z"}
{"level":"info","message":"Database connected successfully","timestamp":"2022-10-28T11:32:17.493Z"}
{"level":"info","message":"Database sync successfully","timestamp":"2022-10-28T11:32:17.614Z"}
{"level":"error","message":"discountProductFlag: undefined","timestamp":"2022-10-28T11:32:27.568Z"}
{"level":"error","message":"discountData: false","timestamp":"2022-10-28T11:32:27.568Z"}
{"level":"info","message":"Database connected successfully","timestamp":"2022-10-28T11:34:16.173Z"}
{"level":"info","message":"Database sync successfully","timestamp":"2022-10-28T11:34:16.325Z"}
{"level":"error","message":"discountProductFlag: undefined","timestamp":"2022-10-28T11:34:19.652Z"}
{"level":"error","message":"discountData: false","timestamp":"2022-10-28T11:34:19.652Z"}
{"level":"error","message":"internal error Fri Oct 28 2022 11:34:19 GMT+0000 (Coordinated Universal Time) SequelizeDatabaseError: Unknown column 'undefined' in 'where clause'","timestamp":"2022-10-28T11:34:19.737Z"}
{"level":"info","message":"Database connected successfully","timestamp":"2022-10-28T11:35:42.575Z"}
{"level":"info","message":"Database sync successfully","timestamp":"2022-10-28T11:35:42.703Z"}
{"level":"error","message":"discountProductFlag: undefined","timestamp":"2022-10-28T11:38:38.580Z"}
{"level":"error","message":"discountData: false","timestamp":"2022-10-28T11:38:38.580Z"}
{"level":"error","message":"internal error Fri Oct 28 2022 11:38:38 GMT+0000 (Coordinated Universal Time) SequelizeDatabaseError: Unknown column 'undefined' in 'where clause'","timestamp":"2022-10-28T11:38:38.676Z"}
{"level":"info","message":"Database connected successfully","timestamp":"2022-10-28T11:40:26.396Z"}
{"level":"info","message":"Database sync successfully","timestamp":"2022-10-28T11:40:26.490Z"}
{"level":"error","message":"discountProductFlag: undefined","timestamp":"2022-10-28T11:41:37.751Z"}
{"level":"error","message":"discountData: false","timestamp":"2022-10-28T11:41:37.751Z"}
{"level":"error","message":"internal error Fri Oct 28 2022 11:41:37 GMT+0000 (Coordinated Universal Time) SequelizeDatabaseError: Unknown column 'brand.id' in 'where clause'","timestamp":"2022-10-28T11:41:37.847Z"}
{"level":"info","message":"Database connected successfully","timestamp":"2022-10-28T11:42:51.499Z"}
{"level":"info","message":"Database sync successfully","timestamp":"2022-10-28T11:42:51.649Z"}
{"level":"error","message":"discountProductFlag: undefined","timestamp":"2022-10-28T11:42:54.669Z"}
{"level":"error","message":"discountData: false","timestamp":"2022-10-28T11:42:54.670Z"}
